<?xml version="1.0" encoding="UTF-8"?>
<testsuite xmlns:xsi="http://www.w3.org/2001/XMLSchema-instance" xsi:noNamespaceSchemaLocation="https://maven.apache.org/surefire/maven-surefire-plugin/xsd/surefire-test-report-3.0.xsd" version="3.0" name="com.example.koyeb1.Koyeb1ApplicationTests" time="3.593" tests="1" errors="0" skipped="0" failures="0">
  <properties>
[...]
</properties>
  <testcase name="contextLoads" classname="com.example.koyeb1.Koyeb1ApplicationTests" time="1.057">
    <system-out><![CDATA[12:48:43.019 [main] INFO org.springframework.test.context.support.AnnotationConfigContextLoaderUtils -- Could not detect default configuration classes for test class [com.example.koyeb1.Koyeb1ApplicationTests]: Koyeb1ApplicationTests does not declare any static, non-private, non-final, nested classes annotated with @Configuration.
12:48:43.187 [main] INFO org.springframework.boot.test.context.SpringBootTestContextBootstrapper -- Found @SpringBootConfiguration com.example.koyeb1.Koyeb1Application for test class com.example.koyeb1.Koyeb1ApplicationTests

  .   ____          _            __ _ _
 /\\ / ___'_ __ _ _(_)_ __  __ _ \ \ \ \
( ( )\___ | '_ | '_| | '_ \/ _` | \ \ \ \
 \\/  ___)| |_)| | | | | || (_| |  ) ) ) )
  '  |____| .__|_| |_|_| |_\__, | / / / /
 =========|_|==============|___/=/_/_/_/

 :: Spring Boot ::                (v3.3.4)

2024-10-14T12:48:43.741+02:00  INFO 8895 --- [koyeb1] [           main] c.example.koyeb1.Koyeb1ApplicationTests  : Starting Koyeb1ApplicationTests using Java 17.0.4.1 with PID 8895 (started by albert in /Users/albert/Desktop/koyeb1)
2024-10-14T12:48:43.745+02:00  INFO 8895 --- [koyeb1] [           main] c.example.koyeb1.Koyeb1ApplicationTests  : No active profile set, falling back to 1 default profile: "default"
2024-10-14T12:48:45.306+02:00  INFO 8895 --- [koyeb1] [           main] c.example.koyeb1.Koyeb1ApplicationTests  : Started Koyeb1ApplicationTests in 1.918 seconds (process running for 3.238)
]]></system-out>
  </testcase>
</testsuite>